#-----------------------------------------------------------
# Vivado v2017.4 (64-bit)
# SW Build 2086221 on Fri Dec 15 20:54:30 MST 2017
# IP Build 2085800 on Fri Dec 15 22:25:07 MST 2017
# Start of session at: Tue Mar 20 08:21:16 2018
# Process ID: 25812
# Current directory: /home/bergauer/cactus/trunk/cactusupgrades/projects/ugt/mp7_ugt/scripts
# Command line: vivado
# Log file: /home/bergauer/cactus/trunk/cactusupgrades/projects/ugt/mp7_ugt/scripts/vivado.log
# Journal file: /home/bergauer/cactus/trunk/cactusupgrades/projects/ugt/mp7_ugt/scripts/vivado.jou
#-----------------------------------------------------------
start_gui
open_project /home/bergauer/work_test_3/fwdir/mp7_ugt/0x4000/mp7fw_v2_4_0/build/L1Menu_Collisions2018_v0_0_0_m6/module_0/top/top.xpr
Scanning sources...
Finished scanning sources
INFO: [IP_Flow 19-234] Refreshing IP repositories
INFO: [IP_Flow 19-1704] No user IP repositories specified
INFO: [IP_Flow 19-2313] Loaded Vivado IP repository '/opt/xilinx/Vivado/2017.4/data/ip'.
open_project: Time (s): cpu = 00:00:27 ; elapsed = 00:00:08 . Memory (MB): peak = 6326.828 ; gain = 208.020 ; free physical = 32054 ; free virtual = 252762
open_run impl_1
INFO: [Netlist 29-17] Analyzing 57641 Unisim elements for replacement
INFO: [Netlist 29-28] Unisim Transformation completed in 1 CPU seconds
INFO: [Project 1-479] Netlist was created with Vivado 2017.4
INFO: [Device 21-403] Loading part xc7vx690tffg1927-2
INFO: [Project 1-570] Preparing netlist for logic optimization
Parsing XDC File [/home/bergauer/cactus/trunk/cactusupgrades/projects/ugt/mp7_ugt/scripts/.Xil/Vivado-25812-ugt-synth/dcp0/top_early.xdc]
Finished Parsing XDC File [/home/bergauer/cactus/trunk/cactusupgrades/projects/ugt/mp7_ugt/scripts/.Xil/Vivado-25812-ugt-synth/dcp0/top_early.xdc]
Parsing XDC File [/home/bergauer/cactus/trunk/cactusupgrades/projects/ugt/mp7_ugt/scripts/.Xil/Vivado-25812-ugt-synth/dcp0/top.xdc]
WARNING: [Constraints 18-633] Creating clock configurable_refclks with 14 sources. [/home/bergauer/work_test_3/fwdir/mp7_ugt/0x4000/mp7fw_v2_4_0/cactusupgrades/boards/mp7/base_fw/common/firmware/ucf/clock_constraints.tcl:11]
INFO: [Timing 38-35] Done setting XDC timing constraints. [/home/bergauer/work_test_3/fwdir/mp7_ugt/0x4000/mp7fw_v2_4_0/cactusupgrades/boards/mp7/base_fw/common/firmware/ucf/clock_constraints.tcl:20]
INFO: [Timing 38-2] Deriving generated clocks [/home/bergauer/work_test_3/fwdir/mp7_ugt/0x4000/mp7fw_v2_4_0/cactusupgrades/boards/mp7/base_fw/common/firmware/ucf/clock_constraints.tcl:20]
create_generated_clock: Time (s): cpu = 00:01:07 ; elapsed = 00:00:44 . Memory (MB): peak = 9216.082 ; gain = 1395.727 ; free physical = 28669 ; free virtual = 250019
WARNING: [Constraints 18-633] Creating clock gth_10g_rx0_clk with 7 sources. [/home/bergauer/work_test_3/fwdir/mp7_ugt/0x4000/mp7fw_v2_4_0/cactusupgrades/boards/mp7/base_fw/common/firmware/ucf/clock_constraints.tcl:45]
WARNING: [Constraints 18-633] Creating clock gth_10g_rx1_clk with 7 sources. [/home/bergauer/work_test_3/fwdir/mp7_ugt/0x4000/mp7fw_v2_4_0/cactusupgrades/boards/mp7/base_fw/common/firmware/ucf/clock_constraints.tcl:45]
WARNING: [Constraints 18-633] Creating clock gth_10g_rx2_clk with 7 sources. [/home/bergauer/work_test_3/fwdir/mp7_ugt/0x4000/mp7fw_v2_4_0/cactusupgrades/boards/mp7/base_fw/common/firmware/ucf/clock_constraints.tcl:45]
WARNING: [Constraints 18-633] Creating clock gth_10g_rx3_clk with 7 sources. [/home/bergauer/work_test_3/fwdir/mp7_ugt/0x4000/mp7fw_v2_4_0/cactusupgrades/boards/mp7/base_fw/common/firmware/ucf/clock_constraints.tcl:45]
WARNING: [Constraints 18-633] Creating clock gth_10g_tx0_clk with 7 sources. [/home/bergauer/work_test_3/fwdir/mp7_ugt/0x4000/mp7fw_v2_4_0/cactusupgrades/boards/mp7/base_fw/common/firmware/ucf/clock_constraints.tcl:45]
WARNING: [Constraints 18-633] Creating clock gth_10g_tx1_clk with 7 sources. [/home/bergauer/work_test_3/fwdir/mp7_ugt/0x4000/mp7fw_v2_4_0/cactusupgrades/boards/mp7/base_fw/common/firmware/ucf/clock_constraints.tcl:45]
WARNING: [Constraints 18-633] Creating clock gth_10g_tx2_clk with 7 sources. [/home/bergauer/work_test_3/fwdir/mp7_ugt/0x4000/mp7fw_v2_4_0/cactusupgrades/boards/mp7/base_fw/common/firmware/ucf/clock_constraints.tcl:45]
WARNING: [Constraints 18-633] Creating clock gth_10g_tx3_clk with 7 sources. [/home/bergauer/work_test_3/fwdir/mp7_ugt/0x4000/mp7fw_v2_4_0/cactusupgrades/boards/mp7/base_fw/common/firmware/ucf/clock_constraints.tcl:45]
get_clocks: Time (s): cpu = 00:00:14 ; elapsed = 00:00:06 . Memory (MB): peak = 9221.082 ; gain = 0.000 ; free physical = 28664 ; free virtual = 250015
WARNING: [Vivado 12-646] clock 'clks_aux_u_1' not found. [/home/bergauer/work_test_3/fwdir/mp7_ugt/0x4000/mp7fw_v2_4_0/cactusupgrades/boards/mp7/base_fw/common/firmware/ucf/clock_constraints.tcl:99]
WARNING: [Vivado 12-646] clock 'clks_aux_u_2' not found. [/home/bergauer/work_test_3/fwdir/mp7_ugt/0x4000/mp7fw_v2_4_0/cactusupgrades/boards/mp7/base_fw/common/firmware/ucf/clock_constraints.tcl:99]
INFO: [Vivado 12-2286] Implicit search of objects for pattern 'datapath/rgen[0].region/mgt_gen_gth_10g.quad/quad/tx_gen[0].tx_clk_bridge/dv_array_clk0_reg[0]/D' matched to 'pin' objects. [/home/bergauer/work_test_3/fwdir/mp7_ugt/0x4000/mp7fw_v2_4_0/cactusupgrades/boards/mp7/base_fw/common/firmware/ucf/clock_constraints.tcl:114]
Resolution: To avoid ambiguous patterns, provide proper objects using get commands e.g. [get_nets xyz].
INFO: [Vivado 12-2286] Implicit search of objects for pattern 'datapath/rgen[0].region/mgt_gen_gth_10g.quad/quad/tx_gen[0].tx_clk_bridge/dv_array_clk0_reg[1]/D' matched to 'pin' objects. [/home/bergauer/work_test_3/fwdir/mp7_ugt/0x4000/mp7fw_v2_4_0/cactusupgrades/boards/mp7/base_fw/common/firmware/ucf/clock_constraints.tcl:114]
Resolution: To avoid ambiguous patterns, provide proper objects using get commands e.g. [get_nets xyz].
INFO: [Vivado 12-2286] Implicit search of objects for pattern 'datapath/rgen[0].region/mgt_gen_gth_10g.quad/quad/tx_gen[0].tx_clk_bridge/dv_array_clk0_reg[2]/D' matched to 'pin' objects. [/home/bergauer/work_test_3/fwdir/mp7_ugt/0x4000/mp7fw_v2_4_0/cactusupgrades/boards/mp7/base_fw/common/firmware/ucf/clock_constraints.tcl:114]
Resolution: To avoid ambiguous patterns, provide proper objects using get commands e.g. [get_nets xyz].
INFO: [Vivado 12-2286] Implicit search of objects for pattern 'datapath/rgen[0].region/mgt_gen_gth_10g.quad/quad/tx_gen[0].tx_clk_bridge/dv_array_clk0_reg[3]/D' matched to 'pin' objects. [/home/bergauer/work_test_3/fwdir/mp7_ugt/0x4000/mp7fw_v2_4_0/cactusupgrades/boards/mp7/base_fw/common/firmware/ucf/clock_constraints.tcl:114]
Resolution: To avoid ambiguous patterns, provide proper objects using get commands e.g. [get_nets xyz].
INFO: [Vivado 12-2286] Implicit search of objects for pattern 'datapath/rgen[0].region/mgt_gen_gth_10g.quad/quad/reg_gen[0].txpolarity_reg[0]/D' matched to 'pin' objects. [/home/bergauer/work_test_3/fwdir/mp7_ugt/0x4000/mp7fw_v2_4_0/cactusupgrades/boards/mp7/base_fw/common/firmware/ucf/clock_constraints.tcl:114]
Resolution: To avoid ambiguous patterns, provide proper objects using get commands e.g. [get_nets xyz].
INFO: [Vivado 12-2286] Implicit search of objects for pattern 'datapath/rgen[0].region/mgt_gen_gth_10g.quad/quad/tx_gen[1].tx_clk_bridge/dv_array_clk0_reg[0]/D' matched to 'pin' objects. [/home/bergauer/work_test_3/fwdir/mp7_ugt/0x4000/mp7fw_v2_4_0/cactusupgrades/boards/mp7/base_fw/common/firmware/ucf/clock_constraints.tcl:114]
Resolution: To avoid ambiguous patterns, provide proper objects using get commands e.g. [get_nets xyz].
INFO: [Vivado 12-2286] Implicit search of objects for pattern 'datapath/rgen[0].region/mgt_gen_gth_10g.quad/quad/tx_gen[1].tx_clk_bridge/dv_array_clk0_reg[1]/D' matched to 'pin' objects. [/home/bergauer/work_test_3/fwdir/mp7_ugt/0x4000/mp7fw_v2_4_0/cactusupgrades/boards/mp7/base_fw/common/firmware/ucf/clock_constraints.tcl:114]
Resolution: To avoid ambiguous patterns, provide proper objects using get commands e.g. [get_nets xyz].
INFO: [Vivado 12-2286] Implicit search of objects for pattern 'datapath/rgen[0].region/mgt_gen_gth_10g.quad/quad/tx_gen[1].tx_clk_bridge/dv_array_clk0_reg[2]/D' matched to 'pin' objects. [/home/bergauer/work_test_3/fwdir/mp7_ugt/0x4000/mp7fw_v2_4_0/cactusupgrades/boards/mp7/base_fw/common/firmware/ucf/clock_constraints.tcl:114]
Resolution: To avoid ambiguous patterns, provide proper objects using get commands e.g. [get_nets xyz].
INFO: [Vivado 12-2286] Implicit search of objects for pattern 'datapath/rgen[0].region/mgt_gen_gth_10g.quad/quad/tx_gen[1].tx_clk_bridge/dv_array_clk0_reg[3]/D' matched to 'pin' objects. [/home/bergauer/work_test_3/fwdir/mp7_ugt/0x4000/mp7fw_v2_4_0/cactusupgrades/boards/mp7/base_fw/common/firmware/ucf/clock_constraints.tcl:114]
Resolution: To avoid ambiguous patterns, provide proper objects using get commands e.g. [get_nets xyz].
INFO: [Vivado 12-2286] Implicit search of objects for pattern 'datapath/rgen[0].region/mgt_gen_gth_10g.quad/quad/reg_gen[1].txpolarity_reg[1]/D' matched to 'pin' objects. [/home/bergauer/work_test_3/fwdir/mp7_ugt/0x4000/mp7fw_v2_4_0/cactusupgrades/boards/mp7/base_fw/common/firmware/ucf/clock_constraints.tcl:114]
Resolution: To avoid ambiguous patterns, provide proper objects using get commands e.g. [get_nets xyz].
INFO: [Vivado 12-2286] Implicit search of objects for pattern 'datapath/rgen[0].region/mgt_gen_gth_10g.quad/quad/tx_gen[2].tx_clk_bridge/dv_array_clk0_reg[0]/D' matched to 'pin' objects. [/home/bergauer/work_test_3/fwdir/mp7_ugt/0x4000/mp7fw_v2_4_0/cactusupgrades/boards/mp7/base_fw/common/firmware/ucf/clock_constraints.tcl:114]
Resolution: To avoid ambiguous patterns, provide proper objects using get commands e.g. [get_nets xyz].
INFO: [Vivado 12-2286] Implicit search of objects for pattern 'datapath/rgen[0].region/mgt_gen_gth_10g.quad/quad/tx_gen[2].tx_clk_bridge/dv_array_clk0_reg[1]/D' matched to 'pin' objects. [/home/bergauer/work_test_3/fwdir/mp7_ugt/0x4000/mp7fw_v2_4_0/cactusupgrades/boards/mp7/base_fw/common/firmware/ucf/clock_constraints.tcl:114]
Resolution: To avoid ambiguous patterns, provide proper objects using get commands e.g. [get_nets xyz].
INFO: [Vivado 12-2286] Implicit search of objects for pattern 'datapath/rgen[0].region/mgt_gen_gth_10g.quad/quad/tx_gen[2].tx_clk_bridge/dv_array_clk0_reg[2]/D' matched to 'pin' objects. [/home/bergauer/work_test_3/fwdir/mp7_ugt/0x4000/mp7fw_v2_4_0/cactusupgrades/boards/mp7/base_fw/common/firmware/ucf/clock_constraints.tcl:114]
Resolution: To avoid ambiguous patterns, provide proper objects using get commands e.g. [get_nets xyz].
INFO: [Vivado 12-2286] Implicit search of objects for pattern 'datapath/rgen[0].region/mgt_gen_gth_10g.quad/quad/tx_gen[2].tx_clk_bridge/dv_array_clk0_reg[3]/D' matched to 'pin' objects. [/home/bergauer/work_test_3/fwdir/mp7_ugt/0x4000/mp7fw_v2_4_0/cactusupgrades/boards/mp7/base_fw/common/firmware/ucf/clock_constraints.tcl:114]
Resolution: To avoid ambiguous patterns, provide proper objects using get commands e.g. [get_nets xyz].
INFO: [Vivado 12-2286] Implicit search of objects for pattern 'datapath/rgen[0].region/mgt_gen_gth_10g.quad/quad/reg_gen[2].txpolarity_reg[2]/D' matched to 'pin' objects. [/home/bergauer/work_test_3/fwdir/mp7_ugt/0x4000/mp7fw_v2_4_0/cactusupgrades/boards/mp7/base_fw/common/firmware/ucf/clock_constraints.tcl:114]
Resolution: To avoid ambiguous patterns, provide proper objects using get commands e.g. [get_nets xyz].
INFO: [Vivado 12-2286] Implicit search of objects for pattern 'datapath/rgen[0].region/mgt_gen_gth_10g.quad/quad/tx_gen[3].tx_clk_bridge/dv_array_clk0_reg[0]/D' matched to 'pin' objects. [/home/bergauer/work_test_3/fwdir/mp7_ugt/0x4000/mp7fw_v2_4_0/cactusupgrades/boards/mp7/base_fw/common/firmware/ucf/clock_constraints.tcl:114]
Resolution: To avoid ambiguous patterns, provide proper objects using get commands e.g. [get_nets xyz].
INFO: [Vivado 12-2286] Implicit search of objects for pattern 'datapath/rgen[0].region/mgt_gen_gth_10g.quad/quad/tx_gen[3].tx_clk_bridge/dv_array_clk0_reg[1]/D' matched to 'pin' objects. [/home/bergauer/work_test_3/fwdir/mp7_ugt/0x4000/mp7fw_v2_4_0/cactusupgrades/boards/mp7/base_fw/common/firmware/ucf/clock_constraints.tcl:114]
Resolution: To avoid ambiguous patterns, provide proper objects using get commands e.g. [get_nets xyz].
INFO: [Vivado 12-2286] Implicit search of objects for pattern 'datapath/rgen[0].region/mgt_gen_gth_10g.quad/quad/tx_gen[3].tx_clk_bridge/dv_array_clk0_reg[2]/D' matched to 'pin' objects. [/home/bergauer/work_test_3/fwdir/mp7_ugt/0x4000/mp7fw_v2_4_0/cactusupgrades/boards/mp7/base_fw/common/firmware/ucf/clock_constraints.tcl:114]
Resolution: To avoid ambiguous patterns, provide proper objects using get commands e.g. [get_nets xyz].
INFO: [Vivado 12-2286] Implicit search of objects for pattern 'datapath/rgen[0].region/mgt_gen_gth_10g.quad/quad/tx_gen[3].tx_clk_bridge/dv_array_clk0_reg[3]/D' matched to 'pin' objects. [/home/bergauer/work_test_3/fwdir/mp7_ugt/0x4000/mp7fw_v2_4_0/cactusupgrades/boards/mp7/base_fw/common/firmware/ucf/clock_constraints.tcl:114]
Resolution: To avoid ambiguous patterns, provide proper objects using get commands e.g. [get_nets xyz].
INFO: [Vivado 12-2286] Implicit search of objects for pattern 'datapath/rgen[0].region/mgt_gen_gth_10g.quad/quad/reg_gen[3].txpolarity_reg[3]/D' matched to 'pin' objects. [/home/bergauer/work_test_3/fwdir/mp7_ugt/0x4000/mp7fw_v2_4_0/cactusupgrades/boards/mp7/base_fw/common/firmware/ucf/clock_constraints.tcl:114]
Resolution: To avoid ambiguous patterns, provide proper objects using get commands e.g. [get_nets xyz].
INFO: [Vivado 12-2286] Implicit search of objects for pattern 'datapath/rgen[1].region/mgt_gen_gth_10g.quad/quad/tx_gen[0].tx_clk_bridge/dv_array_clk0_reg[0]/D' matched to 'pin' objects. [/home/bergauer/work_test_3/fwdir/mp7_ugt/0x4000/mp7fw_v2_4_0/cactusupgrades/boards/mp7/base_fw/common/firmware/ucf/clock_constraints.tcl:114]
Resolution: To avoid ambiguous patterns, provide proper objects using get commands e.g. [get_nets xyz].
INFO: [Vivado 12-2286] Implicit search of objects for pattern 'datapath/rgen[1].region/mgt_gen_gth_10g.quad/quad/tx_gen[0].tx_clk_bridge/dv_array_clk0_reg[1]/D' matched to 'pin' objects. [/home/bergauer/work_test_3/fwdir/mp7_ugt/0x4000/mp7fw_v2_4_0/cactusupgrades/boards/mp7/base_fw/common/firmware/ucf/clock_constraints.tcl:114]
Resolution: To avoid ambiguous patterns, provide proper objects using get commands e.g. [get_nets xyz].
INFO: [Vivado 12-2286] Implicit search of objects for pattern 'datapath/rgen[1].region/mgt_gen_gth_10g.quad/quad/tx_gen[0].tx_clk_bridge/dv_array_clk0_reg[2]/D' matched to 'pin' objects. [/home/bergauer/work_test_3/fwdir/mp7_ugt/0x4000/mp7fw_v2_4_0/cactusupgrades/boards/mp7/base_fw/common/firmware/ucf/clock_constraints.tcl:114]
Resolution: To avoid ambiguous patterns, provide proper objects using get commands e.g. [get_nets xyz].
INFO: [Vivado 12-2286] Implicit search of objects for pattern 'datapath/rgen[1].region/mgt_gen_gth_10g.quad/quad/tx_gen[0].tx_clk_bridge/dv_array_clk0_reg[3]/D' matched to 'pin' objects. [/home/bergauer/work_test_3/fwdir/mp7_ugt/0x4000/mp7fw_v2_4_0/cactusupgrades/boards/mp7/base_fw/common/firmware/ucf/clock_constraints.tcl:114]
Resolution: To avoid ambiguous patterns, provide proper objects using get commands e.g. [get_nets xyz].
INFO: [Vivado 12-2286] Implicit search of objects for pattern 'datapath/rgen[1].region/mgt_gen_gth_10g.quad/quad/reg_gen[0].txpolarity_reg[0]/D' matched to 'pin' objects. [/home/bergauer/work_test_3/fwdir/mp7_ugt/0x4000/mp7fw_v2_4_0/cactusupgrades/boards/mp7/base_fw/common/firmware/ucf/clock_constraints.tcl:114]
Resolution: To avoid ambiguous patterns, provide proper objects using get commands e.g. [get_nets xyz].
INFO: [Vivado 12-2286] Implicit search of objects for pattern 'datapath/rgen[1].region/mgt_gen_gth_10g.quad/quad/tx_gen[1].tx_clk_bridge/dv_array_clk0_reg[0]/D' matched to 'pin' objects. [/home/bergauer/work_test_3/fwdir/mp7_ugt/0x4000/mp7fw_v2_4_0/cactusupgrades/boards/mp7/base_fw/common/firmware/ucf/clock_constraints.tcl:114]
Resolution: To avoid ambiguous patterns, provide proper objects using get commands e.g. [get_nets xyz].
INFO: [Vivado 12-2286] Implicit search of objects for pattern 'datapath/rgen[1].region/mgt_gen_gth_10g.quad/quad/tx_gen[1].tx_clk_bridge/dv_array_clk0_reg[1]/D' matched to 'pin' objects. [/home/bergauer/work_test_3/fwdir/mp7_ugt/0x4000/mp7fw_v2_4_0/cactusupgrades/boards/mp7/base_fw/common/firmware/ucf/clock_constraints.tcl:114]
Resolution: To avoid ambiguous patterns, provide proper objects using get commands e.g. [get_nets xyz].
INFO: [Vivado 12-2286] Implicit search of objects for pattern 'datapath/rgen[1].region/mgt_gen_gth_10g.quad/quad/tx_gen[1].tx_clk_bridge/dv_array_clk0_reg[2]/D' matched to 'pin' objects. [/home/bergauer/work_test_3/fwdir/mp7_ugt/0x4000/mp7fw_v2_4_0/cactusupgrades/boards/mp7/base_fw/common/firmware/ucf/clock_constraints.tcl:114]
Resolution: To avoid ambiguous patterns, provide proper objects using get commands e.g. [get_nets xyz].
INFO: [Vivado 12-2286] Implicit search of objects for pattern 'datapath/rgen[1].region/mgt_gen_gth_10g.quad/quad/tx_gen[1].tx_clk_bridge/dv_array_clk0_reg[3]/D' matched to 'pin' objects. [/home/bergauer/work_test_3/fwdir/mp7_ugt/0x4000/mp7fw_v2_4_0/cactusupgrades/boards/mp7/base_fw/common/firmware/ucf/clock_constraints.tcl:114]
Resolution: To avoid ambiguous patterns, provide proper objects using get commands e.g. [get_nets xyz].
INFO: [Vivado 12-2286] Implicit search of objects for pattern 'datapath/rgen[1].region/mgt_gen_gth_10g.quad/quad/reg_gen[1].txpolarity_reg[1]/D' matched to 'pin' objects. [/home/bergauer/work_test_3/fwdir/mp7_ugt/0x4000/mp7fw_v2_4_0/cactusupgrades/boards/mp7/base_fw/common/firmware/ucf/clock_constraints.tcl:114]
Resolution: To avoid ambiguous patterns, provide proper objects using get commands e.g. [get_nets xyz].
INFO: [Vivado 12-2286] Implicit search of objects for pattern 'datapath/rgen[1].region/mgt_gen_gth_10g.quad/quad/tx_gen[2].tx_clk_bridge/dv_array_clk0_reg[0]/D' matched to 'pin' objects. [/home/bergauer/work_test_3/fwdir/mp7_ugt/0x4000/mp7fw_v2_4_0/cactusupgrades/boards/mp7/base_fw/common/firmware/ucf/clock_constraints.tcl:114]
Resolution: To avoid ambiguous patterns, provide proper objects using get commands e.g. [get_nets xyz].
INFO: [Vivado 12-2286] Implicit search of objects for pattern 'datapath/rgen[1].region/mgt_gen_gth_10g.quad/quad/tx_gen[2].tx_clk_bridge/dv_array_clk0_reg[1]/D' matched to 'pin' objects. [/home/bergauer/work_test_3/fwdir/mp7_ugt/0x4000/mp7fw_v2_4_0/cactusupgrades/boards/mp7/base_fw/common/firmware/ucf/clock_constraints.tcl:114]
Resolution: To avoid ambiguous patterns, provide proper objects using get commands e.g. [get_nets xyz].
INFO: [Vivado 12-2286] Implicit search of objects for pattern 'datapath/rgen[1].region/mgt_gen_gth_10g.quad/quad/tx_gen[2].tx_clk_bridge/dv_array_clk0_reg[2]/D' matched to 'pin' objects. [/home/bergauer/work_test_3/fwdir/mp7_ugt/0x4000/mp7fw_v2_4_0/cactusupgrades/boards/mp7/base_fw/common/firmware/ucf/clock_constraints.tcl:114]
Resolution: To avoid ambiguous patterns, provide proper objects using get commands e.g. [get_nets xyz].
INFO: [Vivado 12-2286] Implicit search of objects for pattern 'datapath/rgen[1].region/mgt_gen_gth_10g.quad/quad/tx_gen[2].tx_clk_bridge/dv_array_clk0_reg[3]/D' matched to 'pin' objects. [/home/bergauer/work_test_3/fwdir/mp7_ugt/0x4000/mp7fw_v2_4_0/cactusupgrades/boards/mp7/base_fw/common/firmware/ucf/clock_constraints.tcl:114]
Resolution: To avoid ambiguous patterns, provide proper objects using get commands e.g. [get_nets xyz].
INFO: [Vivado 12-2286] Implicit search of objects for pattern 'datapath/rgen[1].region/mgt_gen_gth_10g.quad/quad/reg_gen[2].txpolarity_reg[2]/D' matched to 'pin' objects. [/home/bergauer/work_test_3/fwdir/mp7_ugt/0x4000/mp7fw_v2_4_0/cactusupgrades/boards/mp7/base_fw/common/firmware/ucf/clock_constraints.tcl:114]
Resolution: To avoid ambiguous patterns, provide proper objects using get commands e.g. [get_nets xyz].
INFO: [Vivado 12-2286] Implicit search of objects for pattern 'datapath/rgen[1].region/mgt_gen_gth_10g.quad/quad/tx_gen[3].tx_clk_bridge/dv_array_clk0_reg[0]/D' matched to 'pin' objects. [/home/bergauer/work_test_3/fwdir/mp7_ugt/0x4000/mp7fw_v2_4_0/cactusupgrades/boards/mp7/base_fw/common/firmware/ucf/clock_constraints.tcl:114]
Resolution: To avoid ambiguous patterns, provide proper objects using get commands e.g. [get_nets xyz].
INFO: [Vivado 12-2286] Implicit search of objects for pattern 'datapath/rgen[1].region/mgt_gen_gth_10g.quad/quad/tx_gen[3].tx_clk_bridge/dv_array_clk0_reg[1]/D' matched to 'pin' objects. [/home/bergauer/work_test_3/fwdir/mp7_ugt/0x4000/mp7fw_v2_4_0/cactusupgrades/boards/mp7/base_fw/common/firmware/ucf/clock_constraints.tcl:114]
Resolution: To avoid ambiguous patterns, provide proper objects using get commands e.g. [get_nets xyz].
INFO: [Vivado 12-2286] Implicit search of objects for pattern 'datapath/rgen[1].region/mgt_gen_gth_10g.quad/quad/tx_gen[3].tx_clk_bridge/dv_array_clk0_reg[2]/D' matched to 'pin' objects. [/home/bergauer/work_test_3/fwdir/mp7_ugt/0x4000/mp7fw_v2_4_0/cactusupgrades/boards/mp7/base_fw/common/firmware/ucf/clock_constraints.tcl:114]
Resolution: To avoid ambiguous patterns, provide proper objects using get commands e.g. [get_nets xyz].
INFO: [Vivado 12-2286] Implicit search of objects for pattern 'datapath/rgen[1].region/mgt_gen_gth_10g.quad/quad/tx_gen[3].tx_clk_bridge/dv_array_clk0_reg[3]/D' matched to 'pin' objects. [/home/bergauer/work_test_3/fwdir/mp7_ugt/0x4000/mp7fw_v2_4_0/cactusupgrades/boards/mp7/base_fw/common/firmware/ucf/clock_constraints.tcl:114]
Resolution: To avoid ambiguous patterns, provide proper objects using get commands e.g. [get_nets xyz].
INFO: [Vivado 12-2286] Implicit search of objects for pattern 'datapath/rgen[1].region/mgt_gen_gth_10g.quad/quad/reg_gen[3].txpolarity_reg[3]/D' matched to 'pin' objects. [/home/bergauer/work_test_3/fwdir/mp7_ugt/0x4000/mp7fw_v2_4_0/cactusupgrades/boards/mp7/base_fw/common/firmware/ucf/clock_constraints.tcl:114]
Resolution: To avoid ambiguous patterns, provide proper objects using get commands e.g. [get_nets xyz].
INFO: [Vivado 12-2286] Implicit search of objects for pattern 'datapath/rgen[2].region/mgt_gen_gth_10g.quad/quad/tx_gen[0].tx_clk_bridge/dv_array_clk0_reg[0]/D' matched to 'pin' objects. [/home/bergauer/work_test_3/fwdir/mp7_ugt/0x4000/mp7fw_v2_4_0/cactusupgrades/boards/mp7/base_fw/common/firmware/ucf/clock_constraints.tcl:114]
Resolution: To avoid ambiguous patterns, provide proper objects using get commands e.g. [get_nets xyz].
INFO: [Vivado 12-2286] Implicit search of objects for pattern 'datapath/rgen[2].region/mgt_gen_gth_10g.quad/quad/tx_gen[0].tx_clk_bridge/dv_array_clk0_reg[1]/D' matched to 'pin' objects. [/home/bergauer/work_test_3/fwdir/mp7_ugt/0x4000/mp7fw_v2_4_0/cactusupgrades/boards/mp7/base_fw/common/firmware/ucf/clock_constraints.tcl:114]
Resolution: To avoid ambiguous patterns, provide proper objects using get commands e.g. [get_nets xyz].
INFO: [Vivado 12-2286] Implicit search of objects for pattern 'datapath/rgen[2].region/mgt_gen_gth_10g.quad/quad/tx_gen[0].tx_clk_bridge/dv_array_clk0_reg[2]/D' matched to 'pin' objects. [/home/bergauer/work_test_3/fwdir/mp7_ugt/0x4000/mp7fw_v2_4_0/cactusupgrades/boards/mp7/base_fw/common/firmware/ucf/clock_constraints.tcl:114]
Resolution: To avoid ambiguous patterns, provide proper objects using get commands e.g. [get_nets xyz].
INFO: [Vivado 12-2286] Implicit search of objects for pattern 'datapath/rgen[2].region/mgt_gen_gth_10g.quad/quad/tx_gen[0].tx_clk_bridge/dv_array_clk0_reg[3]/D' matched to 'pin' objects. [/home/bergauer/work_test_3/fwdir/mp7_ugt/0x4000/mp7fw_v2_4_0/cactusupgrades/boards/mp7/base_fw/common/firmware/ucf/clock_constraints.tcl:114]
Resolution: To avoid ambiguous patterns, provide proper objects using get commands e.g. [get_nets xyz].
INFO: [Vivado 12-2286] Implicit search of objects for pattern 'datapath/rgen[2].region/mgt_gen_gth_10g.quad/quad/reg_gen[0].txpolarity_reg[0]/D' matched to 'pin' objects. [/home/bergauer/work_test_3/fwdir/mp7_ugt/0x4000/mp7fw_v2_4_0/cactusupgrades/boards/mp7/base_fw/common/firmware/ucf/clock_constraints.tcl:114]
Resolution: To avoid ambiguous patterns, provide proper objects using get commands e.g. [get_nets xyz].
INFO: [Vivado 12-2286] Implicit search of objects for pattern 'datapath/rgen[2].region/mgt_gen_gth_10g.quad/quad/tx_gen[1].tx_clk_bridge/dv_array_clk0_reg[0]/D' matched to 'pin' objects. [/home/bergauer/work_test_3/fwdir/mp7_ugt/0x4000/mp7fw_v2_4_0/cactusupgrades/boards/mp7/base_fw/common/firmware/ucf/clock_constraints.tcl:114]
Resolution: To avoid ambiguous patterns, provide proper objects using get commands e.g. [get_nets xyz].
INFO: [Vivado 12-2286] Implicit search of objects for pattern 'datapath/rgen[2].region/mgt_gen_gth_10g.quad/quad/tx_gen[1].tx_clk_bridge/dv_array_clk0_reg[1]/D' matched to 'pin' objects. [/home/bergauer/work_test_3/fwdir/mp7_ugt/0x4000/mp7fw_v2_4_0/cactusupgrades/boards/mp7/base_fw/common/firmware/ucf/clock_constraints.tcl:114]
Resolution: To avoid ambiguous patterns, provide proper objects using get commands e.g. [get_nets xyz].
INFO: [Vivado 12-2286] Implicit search of objects for pattern 'datapath/rgen[2].region/mgt_gen_gth_10g.quad/quad/tx_gen[1].tx_clk_bridge/dv_array_clk0_reg[2]/D' matched to 'pin' objects. [/home/bergauer/work_test_3/fwdir/mp7_ugt/0x4000/mp7fw_v2_4_0/cactusupgrades/boards/mp7/base_fw/common/firmware/ucf/clock_constraints.tcl:114]
Resolution: To avoid ambiguous patterns, provide proper objects using get commands e.g. [get_nets xyz].
INFO: [Vivado 12-2286] Implicit search of objects for pattern 'datapath/rgen[2].region/mgt_gen_gth_10g.quad/quad/tx_gen[1].tx_clk_bridge/dv_array_clk0_reg[3]/D' matched to 'pin' objects. [/home/bergauer/work_test_3/fwdir/mp7_ugt/0x4000/mp7fw_v2_4_0/cactusupgrades/boards/mp7/base_fw/common/firmware/ucf/clock_constraints.tcl:114]
Resolution: To avoid ambiguous patterns, provide proper objects using get commands e.g. [get_nets xyz].
INFO: [Vivado 12-2286] Implicit search of objects for pattern 'datapath/rgen[2].region/mgt_gen_gth_10g.quad/quad/reg_gen[1].txpolarity_reg[1]/D' matched to 'pin' objects. [/home/bergauer/work_test_3/fwdir/mp7_ugt/0x4000/mp7fw_v2_4_0/cactusupgrades/boards/mp7/base_fw/common/firmware/ucf/clock_constraints.tcl:114]
Resolution: To avoid ambiguous patterns, provide proper objects using get commands e.g. [get_nets xyz].
INFO: [Vivado 12-2286] Implicit search of objects for pattern 'datapath/rgen[2].region/mgt_gen_gth_10g.quad/quad/tx_gen[2].tx_clk_bridge/dv_array_clk0_reg[0]/D' matched to 'pin' objects. [/home/bergauer/work_test_3/fwdir/mp7_ugt/0x4000/mp7fw_v2_4_0/cactusupgrades/boards/mp7/base_fw/common/firmware/ucf/clock_constraints.tcl:114]
Resolution: To avoid ambiguous patterns, provide proper objects using get commands e.g. [get_nets xyz].
INFO: [Vivado 12-2286] Implicit search of objects for pattern 'datapath/rgen[2].region/mgt_gen_gth_10g.quad/quad/tx_gen[2].tx_clk_bridge/dv_array_clk0_reg[1]/D' matched to 'pin' objects. [/home/bergauer/work_test_3/fwdir/mp7_ugt/0x4000/mp7fw_v2_4_0/cactusupgrades/boards/mp7/base_fw/common/firmware/ucf/clock_constraints.tcl:114]
Resolution: To avoid ambiguous patterns, provide proper objects using get commands e.g. [get_nets xyz].
INFO: [Vivado 12-2286] Implicit search of objects for pattern 'datapath/rgen[2].region/mgt_gen_gth_10g.quad/quad/tx_gen[2].tx_clk_bridge/dv_array_clk0_reg[2]/D' matched to 'pin' objects. [/home/bergauer/work_test_3/fwdir/mp7_ugt/0x4000/mp7fw_v2_4_0/cactusupgrades/boards/mp7/base_fw/common/firmware/ucf/clock_constraints.tcl:114]
Resolution: To avoid ambiguous patterns, provide proper objects using get commands e.g. [get_nets xyz].
INFO: [Vivado 12-2286] Implicit search of objects for pattern 'datapath/rgen[2].region/mgt_gen_gth_10g.quad/quad/tx_gen[2].tx_clk_bridge/dv_array_clk0_reg[3]/D' matched to 'pin' objects. [/home/bergauer/work_test_3/fwdir/mp7_ugt/0x4000/mp7fw_v2_4_0/cactusupgrades/boards/mp7/base_fw/common/firmware/ucf/clock_constraints.tcl:114]
Resolution: To avoid ambiguous patterns, provide proper objects using get commands e.g. [get_nets xyz].
INFO: [Vivado 12-2286] Implicit search of objects for pattern 'datapath/rgen[2].region/mgt_gen_gth_10g.quad/quad/reg_gen[2].txpolarity_reg[2]/D' matched to 'pin' objects. [/home/bergauer/work_test_3/fwdir/mp7_ugt/0x4000/mp7fw_v2_4_0/cactusupgrades/boards/mp7/base_fw/common/firmware/ucf/clock_constraints.tcl:114]
Resolution: To avoid ambiguous patterns, provide proper objects using get commands e.g. [get_nets xyz].
INFO: [Vivado 12-2286] Implicit search of objects for pattern 'datapath/rgen[2].region/mgt_gen_gth_10g.quad/quad/tx_gen[3].tx_clk_bridge/dv_array_clk0_reg[0]/D' matched to 'pin' objects. [/home/bergauer/work_test_3/fwdir/mp7_ugt/0x4000/mp7fw_v2_4_0/cactusupgrades/boards/mp7/base_fw/common/firmware/ucf/clock_constraints.tcl:114]
Resolution: To avoid ambiguous patterns, provide proper objects using get commands e.g. [get_nets xyz].
INFO: [Vivado 12-2286] Implicit search of objects for pattern 'datapath/rgen[2].region/mgt_gen_gth_10g.quad/quad/tx_gen[3].tx_clk_bridge/dv_array_clk0_reg[1]/D' matched to 'pin' objects. [/home/bergauer/work_test_3/fwdir/mp7_ugt/0x4000/mp7fw_v2_4_0/cactusupgrades/boards/mp7/base_fw/common/firmware/ucf/clock_constraints.tcl:114]
Resolution: To avoid ambiguous patterns, provide proper objects using get commands e.g. [get_nets xyz].
INFO: [Vivado 12-2286] Implicit search of objects for pattern 'datapath/rgen[2].region/mgt_gen_gth_10g.quad/quad/tx_gen[3].tx_clk_bridge/dv_array_clk0_reg[2]/D' matched to 'pin' objects. [/home/bergauer/work_test_3/fwdir/mp7_ugt/0x4000/mp7fw_v2_4_0/cactusupgrades/boards/mp7/base_fw/common/firmware/ucf/clock_constraints.tcl:114]
Resolution: To avoid ambiguous patterns, provide proper objects using get commands e.g. [get_nets xyz].
INFO: [Vivado 12-2286] Implicit search of objects for pattern 'datapath/rgen[2].region/mgt_gen_gth_10g.quad/quad/tx_gen[3].tx_clk_bridge/dv_array_clk0_reg[3]/D' matched to 'pin' objects. [/home/bergauer/work_test_3/fwdir/mp7_ugt/0x4000/mp7fw_v2_4_0/cactusupgrades/boards/mp7/base_fw/common/firmware/ucf/clock_constraints.tcl:114]
Resolution: To avoid ambiguous patterns, provide proper objects using get commands e.g. [get_nets xyz].
INFO: [Vivado 12-2286] Implicit search of objects for pattern 'datapath/rgen[2].region/mgt_gen_gth_10g.quad/quad/reg_gen[3].txpolarity_reg[3]/D' matched to 'pin' objects. [/home/bergauer/work_test_3/fwdir/mp7_ugt/0x4000/mp7fw_v2_4_0/cactusupgrades/boards/mp7/base_fw/common/firmware/ucf/clock_constraints.tcl:114]
Resolution: To avoid ambiguous patterns, provide proper objects using get commands e.g. [get_nets xyz].
INFO: [Vivado 12-2286] Implicit search of objects for pattern 'datapath/rgen[3].region/mgt_gen_gth_10g.quad/quad/tx_gen[0].tx_clk_bridge/dv_array_clk0_reg[0]/D' matched to 'pin' objects. [/home/bergauer/work_test_3/fwdir/mp7_ugt/0x4000/mp7fw_v2_4_0/cactusupgrades/boards/mp7/base_fw/common/firmware/ucf/clock_constraints.tcl:114]
Resolution: To avoid ambiguous patterns, provide proper objects using get commands e.g. [get_nets xyz].
INFO: [Vivado 12-2286] Implicit search of objects for pattern 'datapath/rgen[3].region/mgt_gen_gth_10g.quad/quad/tx_gen[0].tx_clk_bridge/dv_array_clk0_reg[1]/D' matched to 'pin' objects. [/home/bergauer/work_test_3/fwdir/mp7_ugt/0x4000/mp7fw_v2_4_0/cactusupgrades/boards/mp7/base_fw/common/firmware/ucf/clock_constraints.tcl:114]
Resolution: To avoid ambiguous patterns, provide proper objects using get commands e.g. [get_nets xyz].
INFO: [Vivado 12-2286] Implicit search of objects for pattern 'datapath/rgen[3].region/mgt_gen_gth_10g.quad/quad/tx_gen[0].tx_clk_bridge/dv_array_clk0_reg[2]/D' matched to 'pin' objects. [/home/bergauer/work_test_3/fwdir/mp7_ugt/0x4000/mp7fw_v2_4_0/cactusupgrades/boards/mp7/base_fw/common/firmware/ucf/clock_constraints.tcl:114]
Resolution: To avoid ambiguous patterns, provide proper objects using get commands e.g. [get_nets xyz].
INFO: [Vivado 12-2286] Implicit search of objects for pattern 'datapath/rgen[3].region/mgt_gen_gth_10g.quad/quad/tx_gen[0].tx_clk_bridge/dv_array_clk0_reg[3]/D' matched to 'pin' objects. [/home/bergauer/work_test_3/fwdir/mp7_ugt/0x4000/mp7fw_v2_4_0/cactusupgrades/boards/mp7/base_fw/common/firmware/ucf/clock_constraints.tcl:114]
Resolution: To avoid ambiguous patterns, provide proper objects using get commands e.g. [get_nets xyz].
INFO: [Vivado 12-2286] Implicit search of objects for pattern 'datapath/rgen[3].region/mgt_gen_gth_10g.quad/quad/reg_gen[0].txpolarity_reg[0]/D' matched to 'pin' objects. [/home/bergauer/work_test_3/fwdir/mp7_ugt/0x4000/mp7fw_v2_4_0/cactusupgrades/boards/mp7/base_fw/common/firmware/ucf/clock_constraints.tcl:114]
Resolution: To avoid ambiguous patterns, provide proper objects using get commands e.g. [get_nets xyz].
INFO: [Vivado 12-2286] Implicit search of objects for pattern 'datapath/rgen[3].region/mgt_gen_gth_10g.quad/quad/tx_gen[1].tx_clk_bridge/dv_array_clk0_reg[0]/D' matched to 'pin' objects. [/home/bergauer/work_test_3/fwdir/mp7_ugt/0x4000/mp7fw_v2_4_0/cactusupgrades/boards/mp7/base_fw/common/firmware/ucf/clock_constraints.tcl:114]
Resolution: To avoid ambiguous patterns, provide proper objects using get commands e.g. [get_nets xyz].
INFO: [Vivado 12-2286] Implicit search of objects for pattern 'datapath/rgen[3].region/mgt_gen_gth_10g.quad/quad/tx_gen[1].tx_clk_bridge/dv_array_clk0_reg[1]/D' matched to 'pin' objects. [/home/bergauer/work_test_3/fwdir/mp7_ugt/0x4000/mp7fw_v2_4_0/cactusupgrades/boards/mp7/base_fw/common/firmware/ucf/clock_constraints.tcl:114]
Resolution: To avoid ambiguous patterns, provide proper objects using get commands e.g. [get_nets xyz].
INFO: [Vivado 12-2286] Implicit search of objects for pattern 'datapath/rgen[3].region/mgt_gen_gth_10g.quad/quad/tx_gen[1].tx_clk_bridge/dv_array_clk0_reg[2]/D' matched to 'pin' objects. [/home/bergauer/work_test_3/fwdir/mp7_ugt/0x4000/mp7fw_v2_4_0/cactusupgrades/boards/mp7/base_fw/common/firmware/ucf/clock_constraints.tcl:114]
Resolution: To avoid ambiguous patterns, provide proper objects using get commands e.g. [get_nets xyz].
INFO: [Vivado 12-2286] Implicit search of objects for pattern 'datapath/rgen[3].region/mgt_gen_gth_10g.quad/quad/tx_gen[1].tx_clk_bridge/dv_array_clk0_reg[3]/D' matched to 'pin' objects. [/home/bergauer/work_test_3/fwdir/mp7_ugt/0x4000/mp7fw_v2_4_0/cactusupgrades/boards/mp7/base_fw/common/firmware/ucf/clock_constraints.tcl:114]
Resolution: To avoid ambiguous patterns, provide proper objects using get commands e.g. [get_nets xyz].
INFO: [Vivado 12-2286] Implicit search of objects for pattern 'datapath/rgen[3].region/mgt_gen_gth_10g.quad/quad/reg_gen[1].txpolarity_reg[1]/D' matched to 'pin' objects. [/home/bergauer/work_test_3/fwdir/mp7_ugt/0x4000/mp7fw_v2_4_0/cactusupgrades/boards/mp7/base_fw/common/firmware/ucf/clock_constraints.tcl:114]
Resolution: To avoid ambiguous patterns, provide proper objects using get commands e.g. [get_nets xyz].
INFO: [Vivado 12-2286] Implicit search of objects for pattern 'datapath/rgen[3].region/mgt_gen_gth_10g.quad/quad/tx_gen[2].tx_clk_bridge/dv_array_clk0_reg[0]/D' matched to 'pin' objects. [/home/bergauer/work_test_3/fwdir/mp7_ugt/0x4000/mp7fw_v2_4_0/cactusupgrades/boards/mp7/base_fw/common/firmware/ucf/clock_constraints.tcl:114]
Resolution: To avoid ambiguous patterns, provide proper objects using get commands e.g. [get_nets xyz].
INFO: [Vivado 12-2286] Implicit search of objects for pattern 'datapath/rgen[3].region/mgt_gen_gth_10g.quad/quad/tx_gen[2].tx_clk_bridge/dv_array_clk0_reg[1]/D' matched to 'pin' objects. [/home/bergauer/work_test_3/fwdir/mp7_ugt/0x4000/mp7fw_v2_4_0/cactusupgrades/boards/mp7/base_fw/common/firmware/ucf/clock_constraints.tcl:114]
Resolution: To avoid ambiguous patterns, provide proper objects using get commands e.g. [get_nets xyz].
INFO: [Vivado 12-2286] Implicit search of objects for pattern 'datapath/rgen[3].region/mgt_gen_gth_10g.quad/quad/tx_gen[2].tx_clk_bridge/dv_array_clk0_reg[2]/D' matched to 'pin' objects. [/home/bergauer/work_test_3/fwdir/mp7_ugt/0x4000/mp7fw_v2_4_0/cactusupgrades/boards/mp7/base_fw/common/firmware/ucf/clock_constraints.tcl:114]
Resolution: To avoid ambiguous patterns, provide proper objects using get commands e.g. [get_nets xyz].
INFO: [Vivado 12-2286] Implicit search of objects for pattern 'datapath/rgen[3].region/mgt_gen_gth_10g.quad/quad/tx_gen[2].tx_clk_bridge/dv_array_clk0_reg[3]/D' matched to 'pin' objects. [/home/bergauer/work_test_3/fwdir/mp7_ugt/0x4000/mp7fw_v2_4_0/cactusupgrades/boards/mp7/base_fw/common/firmware/ucf/clock_constraints.tcl:114]
Resolution: To avoid ambiguous patterns, provide proper objects using get commands e.g. [get_nets xyz].
INFO: [Vivado 12-2286] Implicit search of objects for pattern 'datapath/rgen[3].region/mgt_gen_gth_10g.quad/quad/reg_gen[2].txpolarity_reg[2]/D' matched to 'pin' objects. [/home/bergauer/work_test_3/fwdir/mp7_ugt/0x4000/mp7fw_v2_4_0/cactusupgrades/boards/mp7/base_fw/common/firmware/ucf/clock_constraints.tcl:114]
Resolution: To avoid ambiguous patterns, provide proper objects using get commands e.g. [get_nets xyz].
INFO: [Vivado 12-2286] Implicit search of objects for pattern 'datapath/rgen[3].region/mgt_gen_gth_10g.quad/quad/tx_gen[3].tx_clk_bridge/dv_array_clk0_reg[0]/D' matched to 'pin' objects. [/home/bergauer/work_test_3/fwdir/mp7_ugt/0x4000/mp7fw_v2_4_0/cactusupgrades/boards/mp7/base_fw/common/firmware/ucf/clock_constraints.tcl:114]
Resolution: To avoid ambiguous patterns, provide proper objects using get commands e.g. [get_nets xyz].
INFO: [Vivado 12-2286] Implicit search of objects for pattern 'datapath/rgen[3].region/mgt_gen_gth_10g.quad/quad/tx_gen[3].tx_clk_bridge/dv_array_clk0_reg[1]/D' matched to 'pin' objects. [/home/bergauer/work_test_3/fwdir/mp7_ugt/0x4000/mp7fw_v2_4_0/cactusupgrades/boards/mp7/base_fw/common/firmware/ucf/clock_constraints.tcl:114]
Resolution: To avoid ambiguous patterns, provide proper objects using get commands e.g. [get_nets xyz].
INFO: [Vivado 12-2286] Implicit search of objects for pattern 'datapath/rgen[3].region/mgt_gen_gth_10g.quad/quad/tx_gen[3].tx_clk_bridge/dv_array_clk0_reg[2]/D' matched to 'pin' objects. [/home/bergauer/work_test_3/fwdir/mp7_ugt/0x4000/mp7fw_v2_4_0/cactusupgrades/boards/mp7/base_fw/common/firmware/ucf/clock_constraints.tcl:114]
Resolution: To avoid ambiguous patterns, provide proper objects using get commands e.g. [get_nets xyz].
INFO: [Vivado 12-2286] Implicit search of objects for pattern 'datapath/rgen[3].region/mgt_gen_gth_10g.quad/quad/tx_gen[3].tx_clk_bridge/dv_array_clk0_reg[3]/D' matched to 'pin' objects. [/home/bergauer/work_test_3/fwdir/mp7_ugt/0x4000/mp7fw_v2_4_0/cactusupgrades/boards/mp7/base_fw/common/firmware/ucf/clock_constraints.tcl:114]
Resolution: To avoid ambiguous patterns, provide proper objects using get commands e.g. [get_nets xyz].
INFO: [Vivado 12-2286] Implicit search of objects for pattern 'datapath/rgen[3].region/mgt_gen_gth_10g.quad/quad/reg_gen[3].txpolarity_reg[3]/D' matched to 'pin' objects. [/home/bergauer/work_test_3/fwdir/mp7_ugt/0x4000/mp7fw_v2_4_0/cactusupgrades/boards/mp7/base_fw/common/firmware/ucf/clock_constraints.tcl:114]
Resolution: To avoid ambiguous patterns, provide proper objects using get commands e.g. [get_nets xyz].
INFO: [Vivado 12-2286] Implicit search of objects for pattern 'datapath/rgen[4].region/mgt_gen_gth_10g.quad/quad/tx_gen[0].tx_clk_bridge/dv_array_clk0_reg[0]/D' matched to 'pin' objects. [/home/bergauer/work_test_3/fwdir/mp7_ugt/0x4000/mp7fw_v2_4_0/cactusupgrades/boards/mp7/base_fw/common/firmware/ucf/clock_constraints.tcl:114]
Resolution: To avoid ambiguous patterns, provide proper objects using get commands e.g. [get_nets xyz].
INFO: [Vivado 12-2286] Implicit search of objects for pattern 'datapath/rgen[4].region/mgt_gen_gth_10g.quad/quad/tx_gen[0].tx_clk_bridge/dv_array_clk0_reg[1]/D' matched to 'pin' objects. [/home/bergauer/work_test_3/fwdir/mp7_ugt/0x4000/mp7fw_v2_4_0/cactusupgrades/boards/mp7/base_fw/common/firmware/ucf/clock_constraints.tcl:114]
Resolution: To avoid ambiguous patterns, provide proper objects using get commands e.g. [get_nets xyz].
INFO: [Vivado 12-2286] Implicit search of objects for pattern 'datapath/rgen[4].region/mgt_gen_gth_10g.quad/quad/tx_gen[0].tx_clk_bridge/dv_array_clk0_reg[2]/D' matched to 'pin' objects. [/home/bergauer/work_test_3/fwdir/mp7_ugt/0x4000/mp7fw_v2_4_0/cactusupgrades/boards/mp7/base_fw/common/firmware/ucf/clock_constraints.tcl:114]
Resolution: To avoid ambiguous patterns, provide proper objects using get commands e.g. [get_nets xyz].
INFO: [Vivado 12-2286] Implicit search of objects for pattern 'datapath/rgen[4].region/mgt_gen_gth_10g.quad/quad/tx_gen[0].tx_clk_bridge/dv_array_clk0_reg[3]/D' matched to 'pin' objects. [/home/bergauer/work_test_3/fwdir/mp7_ugt/0x4000/mp7fw_v2_4_0/cactusupgrades/boards/mp7/base_fw/common/firmware/ucf/clock_constraints.tcl:114]
Resolution: To avoid ambiguous patterns, provide proper objects using get commands e.g. [get_nets xyz].
INFO: [Vivado 12-2286] Implicit search of objects for pattern 'datapath/rgen[4].region/mgt_gen_gth_10g.quad/quad/reg_gen[0].txpolarity_reg[0]/D' matched to 'pin' objects. [/home/bergauer/work_test_3/fwdir/mp7_ugt/0x4000/mp7fw_v2_4_0/cactusupgrades/boards/mp7/base_fw/common/firmware/ucf/clock_constraints.tcl:114]
Resolution: To avoid ambiguous patterns, provide proper objects using get commands e.g. [get_nets xyz].
INFO: [Vivado 12-2286] Implicit search of objects for pattern 'datapath/rgen[4].region/mgt_gen_gth_10g.quad/quad/tx_gen[1].tx_clk_bridge/dv_array_clk0_reg[0]/D' matched to 'pin' objects. [/home/bergauer/work_test_3/fwdir/mp7_ugt/0x4000/mp7fw_v2_4_0/cactusupgrades/boards/mp7/base_fw/common/firmware/ucf/clock_constraints.tcl:114]
Resolution: To avoid ambiguous patterns, provide proper objects using get commands e.g. [get_nets xyz].
INFO: [Vivado 12-2286] Implicit search of objects for pattern 'datapath/rgen[4].region/mgt_gen_gth_10g.quad/quad/tx_gen[1].tx_clk_bridge/dv_array_clk0_reg[1]/D' matched to 'pin' objects. [/home/bergauer/work_test_3/fwdir/mp7_ugt/0x4000/mp7fw_v2_4_0/cactusupgrades/boards/mp7/base_fw/common/firmware/ucf/clock_constraints.tcl:114]
Resolution: To avoid ambiguous patterns, provide proper objects using get commands e.g. [get_nets xyz].
INFO: [Vivado 12-2286] Implicit search of objects for pattern 'datapath/rgen[4].region/mgt_gen_gth_10g.quad/quad/tx_gen[1].tx_clk_bridge/dv_array_clk0_reg[2]/D' matched to 'pin' objects. [/home/bergauer/work_test_3/fwdir/mp7_ugt/0x4000/mp7fw_v2_4_0/cactusupgrades/boards/mp7/base_fw/common/firmware/ucf/clock_constraints.tcl:114]
Resolution: To avoid ambiguous patterns, provide proper objects using get commands e.g. [get_nets xyz].
INFO: [Vivado 12-2286] Implicit search of objects for pattern 'datapath/rgen[4].region/mgt_gen_gth_10g.quad/quad/tx_gen[1].tx_clk_bridge/dv_array_clk0_reg[3]/D' matched to 'pin' objects. [/home/bergauer/work_test_3/fwdir/mp7_ugt/0x4000/mp7fw_v2_4_0/cactusupgrades/boards/mp7/base_fw/common/firmware/ucf/clock_constraints.tcl:114]
Resolution: To avoid ambiguous patterns, provide proper objects using get commands e.g. [get_nets xyz].
INFO: [Vivado 12-2286] Implicit search of objects for pattern 'datapath/rgen[4].region/mgt_gen_gth_10g.quad/quad/reg_gen[1].txpolarity_reg[1]/D' matched to 'pin' objects. [/home/bergauer/work_test_3/fwdir/mp7_ugt/0x4000/mp7fw_v2_4_0/cactusupgrades/boards/mp7/base_fw/common/firmware/ucf/clock_constraints.tcl:114]
Resolution: To avoid ambiguous patterns, provide proper objects using get commands e.g. [get_nets xyz].
INFO: [Vivado 12-2286] Implicit search of objects for pattern 'datapath/rgen[4].region/mgt_gen_gth_10g.quad/quad/tx_gen[2].tx_clk_bridge/dv_array_clk0_reg[0]/D' matched to 'pin' objects. [/home/bergauer/work_test_3/fwdir/mp7_ugt/0x4000/mp7fw_v2_4_0/cactusupgrades/boards/mp7/base_fw/common/firmware/ucf/clock_constraints.tcl:114]
Resolution: To avoid ambiguous patterns, provide proper objects using get commands e.g. [get_nets xyz].
INFO: [Vivado 12-2286] Implicit search of objects for pattern 'datapath/rgen[4].region/mgt_gen_gth_10g.quad/quad/tx_gen[2].tx_clk_bridge/dv_array_clk0_reg[1]/D' matched to 'pin' objects. [/home/bergauer/work_test_3/fwdir/mp7_ugt/0x4000/mp7fw_v2_4_0/cactusupgrades/boards/mp7/base_fw/common/firmware/ucf/clock_constraints.tcl:114]
Resolution: To avoid ambiguous patterns, provide proper objects using get commands e.g. [get_nets xyz].
INFO: [Vivado 12-2286] Implicit search of objects for pattern 'datapath/rgen[4].region/mgt_gen_gth_10g.quad/quad/tx_gen[2].tx_clk_bridge/dv_array_clk0_reg[2]/D' matched to 'pin' objects. [/home/bergauer/work_test_3/fwdir/mp7_ugt/0x4000/mp7fw_v2_4_0/cactusupgrades/boards/mp7/base_fw/common/firmware/ucf/clock_constraints.tcl:114]
Resolution: To avoid ambiguous patterns, provide proper objects using get commands e.g. [get_nets xyz].
INFO: [Vivado 12-2286] Implicit search of objects for pattern 'datapath/rgen[4].region/mgt_gen_gth_10g.quad/quad/tx_gen[2].tx_clk_bridge/dv_array_clk0_reg[3]/D' matched to 'pin' objects. [/home/bergauer/work_test_3/fwdir/mp7_ugt/0x4000/mp7fw_v2_4_0/cactusupgrades/boards/mp7/base_fw/common/firmware/ucf/clock_constraints.tcl:114]
Resolution: To avoid ambiguous patterns, provide proper objects using get commands e.g. [get_nets xyz].
INFO: [Vivado 12-2286] Implicit search of objects for pattern 'datapath/rgen[4].region/mgt_gen_gth_10g.quad/quad/reg_gen[2].txpolarity_reg[2]/D' matched to 'pin' objects. [/home/bergauer/work_test_3/fwdir/mp7_ugt/0x4000/mp7fw_v2_4_0/cactusupgrades/boards/mp7/base_fw/common/firmware/ucf/clock_constraints.tcl:114]
Resolution: To avoid ambiguous patterns, provide proper objects using get commands e.g. [get_nets xyz].
INFO: [Vivado 12-2286] Implicit search of objects for pattern 'datapath/rgen[4].region/mgt_gen_gth_10g.quad/quad/tx_gen[3].tx_clk_bridge/dv_array_clk0_reg[0]/D' matched to 'pin' objects. [/home/bergauer/work_test_3/fwdir/mp7_ugt/0x4000/mp7fw_v2_4_0/cactusupgrades/boards/mp7/base_fw/common/firmware/ucf/clock_constraints.tcl:114]
Resolution: To avoid ambiguous patterns, provide proper objects using get commands e.g. [get_nets xyz].
INFO: [Vivado 12-2286] Implicit search of objects for pattern 'datapath/rgen[4].region/mgt_gen_gth_10g.quad/quad/tx_gen[3].tx_clk_bridge/dv_array_clk0_reg[1]/D' matched to 'pin' objects. [/home/bergauer/work_test_3/fwdir/mp7_ugt/0x4000/mp7fw_v2_4_0/cactusupgrades/boards/mp7/base_fw/common/firmware/ucf/clock_constraints.tcl:114]
Resolution: To avoid ambiguous patterns, provide proper objects using get commands e.g. [get_nets xyz].
INFO: [Vivado 12-2286] Implicit search of objects for pattern 'datapath/rgen[4].region/mgt_gen_gth_10g.quad/quad/tx_gen[3].tx_clk_bridge/dv_array_clk0_reg[2]/D' matched to 'pin' objects. [/home/bergauer/work_test_3/fwdir/mp7_ugt/0x4000/mp7fw_v2_4_0/cactusupgrades/boards/mp7/base_fw/common/firmware/ucf/clock_constraints.tcl:114]
Resolution: To avoid ambiguous patterns, provide proper objects using get commands e.g. [get_nets xyz].
INFO: [Vivado 12-2286] Implicit search of objects for pattern 'datapath/rgen[4].region/mgt_gen_gth_10g.quad/quad/tx_gen[3].tx_clk_bridge/dv_array_clk0_reg[3]/D' matched to 'pin' objects. [/home/bergauer/work_test_3/fwdir/mp7_ugt/0x4000/mp7fw_v2_4_0/cactusupgrades/boards/mp7/base_fw/common/firmware/ucf/clock_constraints.tcl:114]
Resolution: To avoid ambiguous patterns, provide proper objects using get commands e.g. [get_nets xyz].
INFO: [Vivado 12-2286] Implicit search of objects for pattern 'datapath/rgen[4].region/mgt_gen_gth_10g.quad/quad/reg_gen[3].txpolarity_reg[3]/D' matched to 'pin' objects. [/home/bergauer/work_test_3/fwdir/mp7_ugt/0x4000/mp7fw_v2_4_0/cactusupgrades/boards/mp7/base_fw/common/firmware/ucf/clock_constraints.tcl:114]
Resolution: To avoid ambiguous patterns, provide proper objects using get commands e.g. [get_nets xyz].
INFO: [Common 17-14] Message 'Vivado 12-2286' appears 100 times and further instances of the messages will be disabled. Use the Tcl command set_msg_config to change the current settings. [/home/bergauer/work_test_3/fwdir/mp7_ugt/0x4000/mp7fw_v2_4_0/cactusupgrades/boards/mp7/base_fw/common/firmware/ucf/clock_constraints.tcl:114]
Finished Parsing XDC File [/home/bergauer/cactus/trunk/cactusupgrades/projects/ugt/mp7_ugt/scripts/.Xil/Vivado-25812-ugt-synth/dcp0/top.xdc]
Reading XDEF placement.
Reading placer database...
Reading XDEF routing.
Read XDEF File: Time (s): cpu = 00:00:22 ; elapsed = 00:00:19 . Memory (MB): peak = 9744.371 ; gain = 519.289 ; free physical = 28228 ; free virtual = 249578
Restored from archive | CPU: 22.360000 secs | Memory: 462.082191 MB |
Finished XDEF File Restore: Time (s): cpu = 00:00:22 ; elapsed = 00:00:19 . Memory (MB): peak = 9744.371 ; gain = 519.289 ; free physical = 28228 ; free virtual = 249578
WARNING: [Constraints 18-4570] A register has an IOB value of TRUE which conflicts with its Pblock assignment. The IOB property takes priority over the Pblock assignment. The register is payload/gtl_fdl_wrapper_i/fdl_module_i/finor_preview_2_mezz_lemo_reg
WARNING: [Constraints 18-4570] A register has an IOB value of TRUE which conflicts with its Pblock assignment. The IOB property takes priority over the Pblock assignment. The register is payload/gtl_fdl_wrapper_i/fdl_module_i/finor_2_mezz_lemo_reg
WARNING: [Constraints 18-4570] A register has an IOB value of TRUE which conflicts with its Pblock assignment. The IOB property takes priority over the Pblock assignment. The register is payload/gtl_fdl_wrapper_i/fdl_module_i/veto_2_mezz_lemo_reg
INFO: [Project 1-111] Unisim Transformation Summary:
  A total of 2186 instances were transformed.
  IOBUF => IOBUF (IBUF, OBUFT): 18 instances
  RAM32M => RAM32M (RAMD32, RAMD32, RAMD32, RAMD32, RAMD32, RAMD32, RAMS32, RAMS32): 1 instances
  RAM32X1D => RAM32X1D (RAMD32, RAMD32): 3 instances
  RAM64M => RAM64M (RAMD64E, RAMD64E, RAMD64E, RAMD64E): 2064 instances
  RAM64X1D => RAM64X1D (RAMD64E, RAMD64E): 80 instances
  SRLC16E => SRL16E: 14 instances
  SRLC32E => SRL16E: 6 instances

open_run: Time (s): cpu = 00:03:35 ; elapsed = 00:03:21 . Memory (MB): peak = 9816.422 ; gain = 3457.965 ; free physical = 28795 ; free virtual = 249509
open_report: Time (s): cpu = 00:00:25 ; elapsed = 00:00:07 . Memory (MB): peak = 10039.352 ; gain = 109.488 ; free physical = 28459 ; free virtual = 249175
exit
INFO: [Common 17-206] Exiting Vivado at Tue Mar 20 08:47:43 2018...
